<?xml version="1.0" encoding="UTF-8"?>
<testsuite xmlns:xsi="http://www.w3.org/2001/XMLSchema-instance" xsi:noNamespaceSchemaLocation="https://maven.apache.org/surefire/maven-surefire-plugin/xsd/surefire-test-report.xsd" version="3.0.2" name="in.co.s13.syntaxtextareafx.SyntaxTextAreaFXTest" time="0.846" tests="20" errors="0" skipped="0" failures="0">
  <properties>
[...]
</properties>
  <testcase name="theLanguageIsPerEditorNotSharedAcrossAllOfThem" classname="in.co.s13.syntaxtextareafx.SyntaxTextAreaFXTest" time="0.147"/>
  <testcase name="anUnknownExtensionOpensAsPlainTextRatherThanFailing" classname="in.co.s13.syntaxtextareafx.SyntaxTextAreaFXTest" time="0.453"/>
  <testcase name="nullAndBlankNamesAreTolerated" classname="in.co.s13.syntaxtextareafx.SyntaxTextAreaFXTest" time="0.002"/>
  <testcase name="noPerDocumentStateIsHeldStatically" classname="in.co.s13.syntaxtextareafx.SyntaxTextAreaFXTest" time="0.002"/>
  <testcase name="extensionMatchingIsCaseInsensitive" classname="in.co.s13.syntaxtextareafx.SyntaxTextAreaFXTest" time="0.003"/>
  <testcase name="filesWithoutAnExtensionOpenAsPlainText(String)[1]" classname="in.co.s13.syntaxtextareafx.SyntaxTextAreaFXTest" time="0.019"/>
  <testcase name="filesWithoutAnExtensionOpenAsPlainText(String)[2]" classname="in.co.s13.syntaxtextareafx.SyntaxTextAreaFXTest" time="0.001"/>
  <testcase name="filesWithoutAnExtensionOpenAsPlainText(String)[3]" classname="in.co.s13.syntaxtextareafx.SyntaxTextAreaFXTest" time="0.001"/>
  <testcase name="reportsWhichLanguagesActuallyHaveRules" classname="in.co.s13.syntaxtextareafx.SyntaxTextAreaFXTest" time="0.002"/>
  <testcase name="isNotConfusedByDirectoriesInThePath" classname="in.co.s13.syntaxtextareafx.SyntaxTextAreaFXTest" time="0.002"/>
  <testcase name="supportsReportsKnownExtensions" classname="in.co.s13.syntaxtextareafx.SyntaxTextAreaFXTest" time="0.004"/>
  <testcase name="aUsefulNumberOfLanguagesIsAvailable" classname="in.co.s13.syntaxtextareafx.SyntaxTextAreaFXTest" time="0.003"/>
  <testcase name="farMoreLanguagesAreDeclaredThanImplemented" classname="in.co.s13.syntaxtextareafx.SyntaxTextAreaFXTest" time="0.003"/>
  <testcase name="aTrailingDotIsNotAnExtension" classname="in.co.s13.syntaxtextareafx.SyntaxTextAreaFXTest" time="0.002"/>
  <testcase name="picksTheLanguageFromTheFileExtension(String, String)[1]" classname="in.co.s13.syntaxtextareafx.SyntaxTextAreaFXTest" time="0.006"/>
  <testcase name="picksTheLanguageFromTheFileExtension(String, String)[2]" classname="in.co.s13.syntaxtextareafx.SyntaxTextAreaFXTest" time="0.002"/>
  <testcase name="picksTheLanguageFromTheFileExtension(String, String)[3]" classname="in.co.s13.syntaxtextareafx.SyntaxTextAreaFXTest" time="0.002"/>
  <testcase name="picksTheLanguageFromTheFileExtension(String, String)[4]" classname="in.co.s13.syntaxtextareafx.SyntaxTextAreaFXTest" time="0.002"/>
  <testcase name="picksTheLanguageFromTheFileExtension(String, String)[5]" classname="in.co.s13.syntaxtextareafx.SyntaxTextAreaFXTest" time="0.002"/>
  <testcase name="picksTheLanguageFromTheFileExtension(String, String)[6]" classname="in.co.s13.syntaxtextareafx.SyntaxTextAreaFXTest" time="0.002"/>
</testsuite>